mode: set
crud-test-go/controllers/cohort_controller.go:12.60,14.16 2 0
crud-test-go/controllers/cohort_controller.go:14.16,17.3 2 0
crud-test-go/controllers/cohort_controller.go:18.2,18.36 1 0
crud-test-go/controllers/cohort_controller.go:21.60,24.16 3 0
crud-test-go/controllers/cohort_controller.go:24.16,27.3 2 0
crud-test-go/controllers/cohort_controller.go:28.2,29.16 2 0
crud-test-go/controllers/cohort_controller.go:29.16,32.3 2 0
crud-test-go/controllers/cohort_controller.go:33.2,33.35 1 0
crud-test-go/controllers/cohort_controller.go:36.59,38.64 2 0
crud-test-go/controllers/cohort_controller.go:38.64,41.3 2 0
crud-test-go/controllers/cohort_controller.go:43.2,44.16 2 0
crud-test-go/controllers/cohort_controller.go:44.16,47.3 2 0
crud-test-go/controllers/cohort_controller.go:49.2,50.36 2 0
crud-test-go/controllers/user_controller.go:11.55,15.2 3 1
crud-test-go/controllers/user_controller.go:17.57,19.62 2 1
crud-test-go/controllers/user_controller.go:19.62,22.3 2 0
crud-test-go/controllers/user_controller.go:24.2,25.16 2 1
crud-test-go/controllers/user_controller.go:25.16,28.3 2 1
crud-test-go/controllers/user_controller.go:30.2,31.40 2 1
crud-test-go/controllers/user_controller.go:34.63,40.2 4 0
